<?xml version="1.0" encoding="UTF-8"?>
<!-- Generated by org.testng.reporters.JUnitReportReporter -->
<testsuite hostname="CEQ-ICT-LT-101" failures="0" tests="5" name="com.test2.JavaAppTest" time="25.076" errors="0" timestamp="2023-04-06T12:30:30 IST" skipped="0">
  <testcase classname="com.test2.JavaAppTest" name="registerMethod" time="0.831"/>
  <system-out/>
  <testcase classname="com.test2.JavaAppTest" name="signIn" time="6.301"/>
  <system-out/>
  <testcase classname="com.test2.JavaAppTest" name="fillForm" time="6.547"/>
  <system-out/>
  <testcase classname="com.test2.JavaAppTest" name="teardown" time="4.203"/>
  <system-out/>
  <testcase classname="com.test2.JavaAppTest" name="setUp" time="7.194"/>
  <system-out/>
</testsuite> <!-- com.test2.JavaAppTest -->
