<?xml version="1.0" encoding="UTF-8"?>
<!-- Generated by org.testng.reporters.JUnitReportReporter -->
<testsuite hostname="CEQ-ICT-LT-101" failures="0" tests="3" name="com.test2.demoTest" time="0.006" errors="0" timestamp="2023-04-06T12:30:30 IST" skipped="0">
  <testcase classname="com.test2.demoTest" name="start" time="0.000"/>
  <system-out/>
  <testcase classname="com.test2.demoTest" name="end" time="0.005"/>
  <system-out/>
  <testcase classname="com.test2.demoTest" name="process" time="0.001"/>
  <system-out/>
</testsuite> <!-- com.test2.demoTest -->
