<?xml version="1.0" encoding="UTF-8"?>
<!-- Generated by org.testng.reporters.JUnitReportReporter -->
<testsuite hostname="CEQ-ICT-LT-101" failures="0" tests="1" name="com.test2.TitleTest" time="6.838" errors="0" timestamp="2023-04-06T11:59:57 IST" skipped="0">
  <testcase classname="com.test2.TitleTest" name="checkTitle" time="6.838"/>
  <system-out/>
</testsuite> <!-- com.test2.TitleTest -->
